<?xml version="1.0" encoding="UTF-8"?>
<!-- Generated by org.testng.reporters.JUnitReportReporter -->
<testsuite hostname="code" failures="0" tests="4" name="SimpleTest" time="3.412" errors="0" timestamp="2024-05-08T17:04:50 IST" skipped="0">
  <testcase classname="SimpleTest" name="testAddition" time="3.411"/>
  <system-out/>
  <testcase classname="SimpleTest" name="testMultiplication" time="0.001"/>
  <system-out/>
  <testcase classname="SimpleTest" name="testSubtraction" time="0.000"/>
  <system-out/>
  <testcase classname="SimpleTest" name="testDivision" time="0.000"/>
  <system-out/>
</testsuite> <!-- SimpleTest -->
