<?xml version="1.0" encoding="UTF-8"?>
<!-- Generated by org.testng.reporters.JUnitReportReporter -->
<testsuite hostname="code" failures="0" tests="1" name="ChainTest" time="3.578" errors="0" timestamp="2024-05-09T10:15:45 IST" skipped="0">
  <testcase classname="ChainTest" name="Test01" time="3.578"/>
  <system-out/>
</testsuite> <!-- ChainTest -->
