<?xml version="1.0" encoding="UTF-8"?>
<!-- Generated by org.testng.reporters.JUnitReportReporter -->
<testsuite hostname="code" failures="0" tests="3" name="SimpleTest" time="4.926" errors="0" timestamp="2024-05-08T17:26:36 IST" skipped="0">
  <testcase classname="SimpleTest" name="testMultiplication" time="0.001"/>
  <system-out/>
  <testcase classname="SimpleTest" name="testDivision" time="0.001"/>
  <system-out/>
  <testcase classname="SimpleTest" name="testAddition" time="4.924"/>
  <system-out/>
</testsuite> <!-- SimpleTest -->
