<?xml version="1.0" encoding="UTF-8"?>
<!-- Generated by org.testng.reporters.JUnitReportReporter -->
<testsuite hostname="code" failures="0" tests="3" name="SimpleTest" time="0.005" errors="0" timestamp="2024-05-09T10:15:45 IST" skipped="0">
  <testcase classname="SimpleTest" name="testDivision" time="0.001"/>
  <system-out/>
  <testcase classname="SimpleTest" name="testAddition" time="0.003"/>
  <system-out/>
  <testcase classname="SimpleTest" name="testMultiplication" time="0.001"/>
  <system-out/>
</testsuite> <!-- SimpleTest -->
