<?xml version="1.0" encoding="UTF-8"?>
<!-- Generated by org.testng.reporters.JUnitReportReporter -->
<testsuite hostname="code" failures="0" tests="1" name="testng.AppTest" time="0.007" errors="0" timestamp="2024-05-08T17:04:50 IST" skipped="0">
  <testcase classname="testng.AppTest" name="shouldAnswerWithTrue" time="0.007"/>
  <system-out/>
</testsuite> <!-- testng.AppTest -->
